<?xml version="1.0" encoding="UTF-8"?>
<!-- Generated by org.testng.reporters.JUnitReportReporter -->
<testsuite hostname="L7102105011" failures="0" tests="1" name="day1" time="0.042" errors="0" timestamp="26 Mar 2024 07:39:13 GMT" skipped="0">
  <testcase classname="day1" name="Demo" time="0.042"/>
</testsuite> <!-- day1 -->
